2014-03-06 09:52:51: -- MeCoDDeM_project: ANALYSIS started by User on 'MacBook Air de Maxime' (GoodSync 4.4.9.9)
2014-03-06 09:52:51: /Users/Maxime/Documents/MATLAB/MeCoDDeM_project <-> /Users/Maxime/Google Drive/Master de Sciences Cognitives/Master 1/Stage ICM BEBG/MeCoDDem_project [ansi]
2014-03-06 09:52:51: Gauche : State file does not exist: /Users/Maxime/Documents/MATLAB/MeCoDDeM_project/_gsdata_/_file_state_v4._gs
2014-03-06 09:52:51: Gauche : Fichiers : 12 (exclus 0). Dossiers : 0 (exclus 1). /dev/disk0s2 HFS, Libre : 13.6 GB, Total : 112.2 GB
2014-03-06 09:52:51: Droite : State file does not exist: /Users/Maxime/Google Drive/Master de Sciences Cognitives/Master 1/Stage ICM BEBG/MeCoDDem_project/_gsdata_/_file_state_v4._gs
2014-03-06 09:52:51: Droite : Fichiers : 0 (exclus 0). Dossiers : 0 (exclus 0). /dev/disk0s2 HFS, Libre : 13.6 GB, Total : 112.2 GB
2014-03-06 09:52:51: Changements : 12, Conflits : 0, Heure de la Copie : 0, État de la Copie : 0/0, Erreurs : 0
2014-03-06 09:52:51: Left to Right: Copy File: 12 
2014-03-06 09:52:51: -- Analysis Completed. Time 00:00:00, Speed: Many files/s
2014-03-06 09:52:51: 
2014-03-06 09:53:34: New _gsdata_ folder(s) created, so rescan all job folders for their ghosts
2014-03-06 09:53:34: == MeCoDDeM_project: SYNC started by User on 'MacBook Air de Maxime'
2014-03-06 09:53:34: /Users/Maxime/Documents/MATLAB/MeCoDDeM_project <-> /Users/Maxime/Google Drive/Master de Sciences Cognitives/Master 1/Stage ICM BEBG/MeCoDDem_project [ansi]
2014-03-06 09:53:34: Nouvelle Copie '/Users/Maxime/Documents/MATLAB/MeCoDDeM_project/drawFixation.m' -> '/Users/Maxime/Google Drive/Master de Sciences Cognitives/Master 1/Stage ICM BEBG/MeCoDDem_project/drawFixation.m'
2014-03-06 09:53:34: Nouvelle Copie '/Users/Maxime/Documents/MATLAB/MeCoDDeM_project/drawT1Circle.m' -> '/Users/Maxime/Google Drive/Master de Sciences Cognitives/Master 1/Stage ICM BEBG/MeCoDDem_project/drawT1Circle.m'
2014-03-06 09:53:34: Nouvelle Copie '/Users/Maxime/Documents/MATLAB/MeCoDDeM_project/drawT2Rect.m' -> '/Users/Maxime/Google Drive/Master de Sciences Cognitives/Master 1/Stage ICM BEBG/MeCoDDem_project/drawT2Rect.m'
2014-03-06 09:53:34: Nouvelle Copie '/Users/Maxime/Documents/MATLAB/MeCoDDeM_project/drawText.m' -> '/Users/Maxime/Google Drive/Master de Sciences Cognitives/Master 1/Stage ICM BEBG/MeCoDDem_project/drawText.m'
2014-03-06 09:53:34: Nouvelle Copie '/Users/Maxime/Documents/MATLAB/MeCoDDeM_project/KbCheck.m' -> '/Users/Maxime/Google Drive/Master de Sciences Cognitives/Master 1/Stage ICM BEBG/MeCoDDem_project/KbCheck.m'
2014-03-06 09:53:34: Nouvelle Copie '/Users/Maxime/Documents/MATLAB/MeCoDDeM_project/KbWait.m' -> '/Users/Maxime/Google Drive/Master de Sciences Cognitives/Master 1/Stage ICM BEBG/MeCoDDem_project/KbWait.m'
2014-03-06 09:53:34: Nouvelle Copie '/Users/Maxime/Documents/MATLAB/MeCoDDeM_project/MECODDEM_TASK.m' -> '/Users/Maxime/Google Drive/Master de Sciences Cognitives/Master 1/Stage ICM BEBG/MeCoDDem_project/MECODDEM_TASK.m'
2014-03-06 09:53:34: Nouvelle Copie '/Users/Maxime/Documents/MATLAB/MeCoDDeM_project/movingDots.m' -> '/Users/Maxime/Google Drive/Master de Sciences Cognitives/Master 1/Stage ICM BEBG/MeCoDDem_project/movingDots.m'
2014-03-06 09:53:34: Nouvelle Copie '/Users/Maxime/Documents/MATLAB/MeCoDDeM_project/OpenWindow.m' -> '/Users/Maxime/Google Drive/Master de Sciences Cognitives/Master 1/Stage ICM BEBG/MeCoDDem_project/OpenWindow.m'
2014-03-06 09:53:34: Nouvelle Copie '/Users/Maxime/Documents/MATLAB/MeCoDDeM_project/pix2angle.m' -> '/Users/Maxime/Google Drive/Master de Sciences Cognitives/Master 1/Stage ICM BEBG/MeCoDDem_project/pix2angle.m'
2014-03-06 09:53:34: Nouvelle Copie '/Users/Maxime/Documents/MATLAB/MeCoDDeM_project/README.md' -> '/Users/Maxime/Google Drive/Master de Sciences Cognitives/Master 1/Stage ICM BEBG/MeCoDDem_project/README.md'
2014-03-06 09:53:34: Nouvelle Copie '/Users/Maxime/Documents/MATLAB/MeCoDDeM_project/waitTill.m' -> '/Users/Maxime/Google Drive/Master de Sciences Cognitives/Master 1/Stage ICM BEBG/MeCoDDem_project/waitTill.m'
2014-03-06 09:53:34: Sauvegarde du fichier d'état /Users/Maxime/Documents/MATLAB/MeCoDDeM_project/_gsdata_/_file_state_v4._gs
2014-03-06 09:53:34: Sauvegarde du fichier d'état /Users/Maxime/Google Drive/Master de Sciences Cognitives/Master 1/Stage ICM BEBG/MeCoDDem_project/_gsdata_/_file_state_v4._gs
2014-03-06 09:53:34: Elements synchronisés : 12, Erreurs : 0
2014-03-06 09:53:34: == Sync Completed. Time: 00:00:00, Speed: 0.0/s
2014-03-06 09:53:34: 
